<?xml version="1.0" encoding="UTF-8"?>
<!-- Generated by org.testng.reporters.JUnitXMLReporter -->
<testsuite ignored="0" hostname="Suvan" failures="1" tests="1" name="Firefox_TestResults" time="3.291" errors="0" timestamp="2019-12-10T15:38:16 EST">
  <testcase classname="testng.GmailLogin" name="f" time="0.008">
    <failure type="java.lang.Error" message="Unresolved compilation problem: 
	Syntax error, insert &amp;quot;;&amp;quot; to complete BlockStatements
">
      <![CDATA[java.lang.Error: Unresolved compilation problem: 
Syntax error, insert ";" to complete BlockStatements

at testng.GmailLogin.f(GmailLogin.java:17)
at java.base/java.util.ArrayList.forEach(ArrayList.java:1507)
... Removed 27 stack frames]]>
    </failure>
  </testcase> <!-- f -->
</testsuite> <!-- Firefox_TestResults -->
