<?xml version="1.0" encoding="UTF-8"?>
<!-- Generated by org.testng.reporters.JUnitXMLReporter -->
<testsuite ignored="2" hostname="Suvan" failures="0" tests="7" name="My Results1" time="0.098" errors="0" timestamp="2019-12-04T01:12:31 EST">
  <testcase classname="testng.FirstClass" name="f" time="0.015"/>
  <testcase classname="testng.Newtestdemo" name="f" time="0.002"/>
  <testcase classname="testng.SampleFirstclass" name="f" time="0.002"/>
  <testcase classname="testng.Samplesecondclass" name="f" time="0.002"/>
  <testcase classname="testng.Samplesecondclass" name="l" time="0.004"/>
  <testcase classname="testng.SecondClass" name="f" time="0.003"/>
  <testcase classname="testng.SecondClass" name="m" time="0.001"/>
  <testcase classname="testng.Samplesecondclass" name="h" time="0.0">
    <ignored/>
  </testcase> <!-- h -->
  <testcase classname="testng.SecondClass" name="a" time="0.0">
    <ignored/>
  </testcase> <!-- a -->
</testsuite> <!-- My Results1 -->
