<?xml version="1.0" encoding="UTF-8"?>
<testng-results ignored="0" total="2" passed="2" failed="0" skipped="0">
  <reporter-output>
  </reporter-output>
  <suite started-at="2020-01-14T11:17:09 EST" name="Default suite" finished-at="2020-01-14T11:17:09 EST" duration-ms="174">
    <groups>
    </groups>
    <test started-at="2020-01-14T11:17:09 EST" name="Default test" finished-at="2020-01-14T11:17:09 EST" duration-ms="174">
      <class name="testNGSample.NewTest2">
        <test-method is-config="true" signature="beforeClass()[pri:0, instance:testNGSample.NewTest2@71c8becc]" started-at="2020-01-14T11:17:09 EST" name="beforeClass" finished-at="2020-01-14T11:17:09 EST" duration-ms="57" status="PASS">
          <reporter-output>
          </reporter-output>
        </test-method> <!-- beforeClass -->
        <test-method is-config="true" signature="beforeMethod()[pri:0, instance:testNGSample.NewTest2@71c8becc]" started-at="2020-01-14T11:17:09 EST" name="beforeMethod" finished-at="2020-01-14T11:17:09 EST" duration-ms="0" status="PASS">
          <reporter-output>
          </reporter-output>
        </test-method> <!-- beforeMethod -->
        <test-method signature="f()[pri:0, instance:testNGSample.NewTest2@71c8becc]" started-at="2020-01-14T11:17:09 EST" name="f" finished-at="2020-01-14T11:17:09 EST" duration-ms="10" status="PASS">
          <reporter-output>
          </reporter-output>
        </test-method> <!-- f -->
        <test-method is-config="true" signature="afterMethod()[pri:0, instance:testNGSample.NewTest2@71c8becc]" started-at="2020-01-14T11:17:09 EST" name="afterMethod" finished-at="2020-01-14T11:17:09 EST" duration-ms="1" status="PASS">
          <reporter-output>
          </reporter-output>
        </test-method> <!-- afterMethod -->
        <test-method is-config="true" signature="beforeMethod()[pri:0, instance:testNGSample.NewTest2@71c8becc]" started-at="2020-01-14T11:17:09 EST" name="beforeMethod" finished-at="2020-01-14T11:17:09 EST" duration-ms="1" status="PASS">
          <reporter-output>
          </reporter-output>
        </test-method> <!-- beforeMethod -->
        <test-method signature="k()[pri:0, instance:testNGSample.NewTest2@71c8becc]" started-at="2020-01-14T11:17:09 EST" name="k" finished-at="2020-01-14T11:17:09 EST" duration-ms="5" status="PASS">
          <reporter-output>
          </reporter-output>
        </test-method> <!-- k -->
        <test-method is-config="true" signature="afterMethod()[pri:0, instance:testNGSample.NewTest2@71c8becc]" started-at="2020-01-14T11:17:09 EST" name="afterMethod" finished-at="2020-01-14T11:17:09 EST" duration-ms="1" status="PASS">
          <reporter-output>
          </reporter-output>
        </test-method> <!-- afterMethod -->
        <test-method is-config="true" signature="afterClass()[pri:0, instance:testNGSample.NewTest2@71c8becc]" started-at="2020-01-14T11:17:09 EST" name="afterClass" finished-at="2020-01-14T11:17:09 EST" duration-ms="2" status="PASS">
          <reporter-output>
          </reporter-output>
        </test-method> <!-- afterClass -->
      </class> <!-- testNGSample.NewTest2 -->
    </test> <!-- Default test -->
  </suite> <!-- Default suite -->
</testng-results>
