<?xml version="1.0" encoding="UTF-8"?>
<!-- Generated by org.testng.reporters.JUnitXMLReporter -->
<testsuite ignored="1" hostname="Suvan" failures="0" tests="5" name="MyResults" time="0.193" errors="0" timestamp="2019-11-25T10:51:28 EST">
  <testcase classname="testng.FirstClass" name="f" time="0.03"/>
  <testcase classname="testng.Samplesecondclass" name="f" time="0.008"/>
  <testcase classname="testng.Samplesecondclass" name="l" time="0.008"/>
  <testcase classname="testng.SampleFirstclass" name="f" time="0.007"/>
  <testcase classname="testng.Newtestdemo" name="f" time="0.003"/>
  <testcase classname="testng.Samplesecondclass" name="h" time="0.0">
    <ignored/>
  </testcase> <!-- h -->
</testsuite> <!-- MyResults -->
